    Finished `dev` profile [unoptimized + debuginfo] target(s) in 0.46s
     Running `target/debug/airport-fetch --all --full-refresh --score`
[2m2026-03-22T21:54:40.453406Z[0m [32m INFO[0m [2mairport_fetch[0m[2m:[0m Loaded seed airports from airports.json [3mcount[0m[2m=[0m41
[2m2026-03-22T21:54:40.736084Z[0m [32m INFO[0m [2mairport_fetch[0m[2m:[0m Connected to database
[2m2026-03-22T21:54:40.877101Z[0m [32m INFO[0m [2mairport_fetch[0m[2m:[0m Fetching all seed airports
[2m2026-03-22T21:54:41.249882Z[0m [32m INFO[0m [2mairport_fetch[0m[2m:[0m Airports to process [3mcount[0m[2m=[0m41
[2m2026-03-22T21:54:41.250518Z[0m [32m INFO[0m [2mairport_fetch::pipeline[0m[2m:[0m Starting fetch [3mairport[0m[2m=[0m"ACE" [3msource[0m[2m=[0m"eurocontrol"
[2m2026-03-22T21:54:41.514472Z[0m [32m INFO[0m [2mairport_fetch::fetchers::eurocontrol[0m[2m:[0m Downloading Eurocontrol CSV [3murl[0m[2m=[0mhttps://www.eurocontrol.int/performance/data/download/csv/airport_traffic_2024.csv
[2m2026-03-22T21:54:42.808995Z[0m [32m INFO[0m [2mairport_fetch::fetchers::eurocontrol[0m[2m:[0m Downloading Eurocontrol CSV [3murl[0m[2m=[0mhttps://www.eurocontrol.int/performance/data/download/csv/airport_traffic_2025.csv
[2m2026-03-22T21:54:44.057311Z[0m [32m INFO[0m [2mairport_fetch::fetchers::eurocontrol[0m[2m:[0m Downloading Eurocontrol CSV [3murl[0m[2m=[0mhttps://www.eurocontrol.int/performance/data/download/csv/airport_traffic_2026.csv
[2m2026-03-22T21:54:44.249601Z[0m [32m INFO[0m [2mairport_fetch::fetchers::eurocontrol[0m[2m:[0m Downloading Eurocontrol CSV [3murl[0m[2m=[0mhttps://www.eurocontrol.int/performance/data/download/csv/asma_additional_time_2024.csv
[2m2026-03-22T21:54:44.339631Z[0m [32m INFO[0m [2mairport_fetch::fetchers::eurocontrol[0m[2m:[0m Downloading Eurocontrol CSV [3murl[0m[2m=[0mhttps://www.eurocontrol.int/performance/data/download/csv/asma_additional_time_2025.csv
[2m2026-03-22T21:54:44.437883Z[0m [32m INFO[0m [2mairport_fetch::fetchers::eurocontrol[0m[2m:[0m Downloading Eurocontrol CSV [3murl[0m[2m=[0mhttps://www.eurocontrol.int/performance/data/download/csv/asma_additional_time_2026.csv
[2m2026-03-22T21:54:44.516855Z[0m [32m INFO[0m [2mairport_fetch::fetchers::eurocontrol[0m[2m:[0m Downloading Eurocontrol CSV [3murl[0m[2m=[0mhttps://www.eurocontrol.int/performance/data/download/csv/taxi_out_additional_time_2024.csv
[2m2026-03-22T21:54:44.626898Z[0m [32m INFO[0m [2mairport_fetch::fetchers::eurocontrol[0m[2m:[0m Downloading Eurocontrol CSV [3murl[0m[2m=[0mhttps://www.eurocontrol.int/performance/data/download/csv/taxi_out_additional_time_2025.csv
[2m2026-03-22T21:54:44.777615Z[0m [32m INFO[0m [2mairport_fetch::fetchers::eurocontrol[0m[2m:[0m Downloading Eurocontrol CSV [3murl[0m[2m=[0mhttps://www.eurocontrol.int/performance/data/download/csv/taxi_out_additional_time_2026.csv
[2m2026-03-22T21:54:44.849225Z[0m [32m INFO[0m [2mairport_fetch::fetchers::eurocontrol[0m[2m:[0m Reading local apt_dly bz2 [3mpath[0m[2m=[0mdata/aena/ert_dly/apt_dly_2014.csv.bz2
[2m2026-03-22T21:54:46.441522Z[0m [32m INFO[0m [2mairport_fetch::fetchers::eurocontrol[0m[2m:[0m Reading local apt_dly bz2 [3mpath[0m[2m=[0mdata/aena/ert_dly/apt_dly_2015.csv.bz2
[2m2026-03-22T21:54:48.042478Z[0m [32m INFO[0m [2mairport_fetch::fetchers::eurocontrol[0m[2m:[0m Reading local apt_dly bz2 [3mpath[0m[2m=[0mdata/aena/ert_dly/apt_dly_2016.csv.bz2
[2m2026-03-22T21:54:49.651344Z[0m [32m INFO[0m [2mairport_fetch::fetchers::eurocontrol[0m[2m:[0m Reading local apt_dly bz2 [3mpath[0m[2m=[0mdata/aena/ert_dly/apt_dly_2017.csv.bz2
[2m2026-03-22T21:54:51.261339Z[0m [32m INFO[0m [2mairport_fetch::fetchers::eurocontrol[0m[2m:[0m Reading local apt_dly bz2 [3mpath[0m[2m=[0mdata/aena/ert_dly/apt_dly_2018.csv.bz2
[2m2026-03-22T21:54:52.874123Z[0m [32m INFO[0m [2mairport_fetch::fetchers::eurocontrol[0m[2m:[0m Reading local apt_dly bz2 [3mpath[0m[2m=[0mdata/aena/ert_dly/apt_dly_2019.csv.bz2
[2m2026-03-22T21:54:54.496827Z[0m [32m INFO[0m [2mairport_fetch::fetchers::eurocontrol[0m[2m:[0m Reading local apt_dly bz2 [3mpath[0m[2m=[0mdata/aena/ert_dly/apt_dly_2020.csv.bz2
[2m2026-03-22T21:54:55.992977Z[0m [32m INFO[0m [2mairport_fetch::fetchers::eurocontrol[0m[2m:[0m Reading local apt_dly bz2 [3mpath[0m[2m=[0mdata/aena/ert_dly/apt_dly_2021.csv.bz2
[2m2026-03-22T21:54:57.580022Z[0m [32m INFO[0m [2mairport_fetch::fetchers::eurocontrol[0m[2m:[0m Reading local apt_dly bz2 [3mpath[0m[2m=[0mdata/aena/ert_dly/apt_dly_2022.csv.bz2
[2m2026-03-22T21:54:59.205436Z[0m [32m INFO[0m [2mairport_fetch::fetchers::eurocontrol[0m[2m:[0m Reading local apt_dly bz2 [3mpath[0m[2m=[0mdata/aena/ert_dly/apt_dly_2023.csv.bz2
[2m2026-03-22T21:55:01.005326Z[0m [32m INFO[0m [2mairport_fetch::fetchers::eurocontrol[0m[2m:[0m Reading local apt_dly bz2 [3mpath[0m[2m=[0mdata/aena/ert_dly/apt_dly_2024.csv.bz2
[2m2026-03-22T21:55:02.805329Z[0m [32m INFO[0m [2mairport_fetch::fetchers::eurocontrol[0m[2m:[0m Reading local apt_dly bz2 [3mpath[0m[2m=[0mdata/aena/ert_dly/apt_dly_2025.csv.bz2
[2m2026-03-22T21:55:04.612475Z[0m [32m INFO[0m [2mairport_fetch::fetchers::eurocontrol[0m[2m:[0m Reading local apt_dly bz2 [3mpath[0m[2m=[0mdata/aena/ert_dly/apt_dly_2026.csv.bz2
[2m2026-03-22T21:55:18.022765Z[0m [32m INFO[0m [2mairport_fetch::fetchers::eurocontrol[0m[2m:[0m Eurocontrol fetch complete [3mairport[0m[2m=[0m"GCRR" [3mrecords[0m[2m=[0m146
[2m2026-03-22T21:55:18.023674Z[0m [32m INFO[0m [2mairport_fetch::pipeline[0m[2m:[0m Fetch completed [3mairport[0m[2m=[0m"ACE" [3msource[0m[2m=[0m"eurocontrol" [3mrecords[0m[2m=[0m146
[2m2026-03-22T21:55:18.153239Z[0m [32m INFO[0m [2mairport_fetch::pipeline[0m[2m:[0m Starting fetch [3mairport[0m[2m=[0m"ACE" [3msource[0m[2m=[0m"metar"
[2m2026-03-22T21:55:18.285201Z[0m [32m INFO[0m [2mairport_fetch::fetchers::metar[0m[2m:[0m Fetching METAR data from IEM [3mairport[0m[2m=[0m"GCRR" [3mstart[0m[2m=[0m2024-03-22 [3mend[0m[2m=[0m2026-03-22
[2m2026-03-22T21:56:32.462570Z[0m [32m INFO[0m [2mairport_fetch::fetchers::metar[0m[2m:[0m METAR fetch complete [3mairport[0m[2m=[0m"GCRR" [3mrecords[0m[2m=[0m730
[2m2026-03-22T21:56:32.463726Z[0m [32m INFO[0m [2mairport_fetch::pipeline[0m[2m:[0m Fetch completed [3mairport[0m[2m=[0m"ACE" [3msource[0m[2m=[0m"metar" [3mrecords[0m[2m=[0m730
[2m2026-03-22T21:56:32.549924Z[0m [32m INFO[0m [2mairport_fetch::pipeline[0m[2m:[0m Starting fetch [3mairport[0m[2m=[0m"ACE" [3msource[0m[2m=[0m"opensky"
[2m2026-03-22T21:56:32.787988Z[0m [32m INFO[0m [2mairport_fetch::fetchers::opensky[0m[2m:[0m Requesting OpenSky OAuth2 access token
[2m2026-03-22T21:56:33.208116Z[0m [32m INFO[0m [2mairport_fetch::fetchers::opensky[0m[2m:[0m 10+ consecutive OpenSky failures, stopping early [3mairport[0m[2m=[0m"GCRR"
[2m2026-03-22T21:56:33.208671Z[0m [32m INFO[0m [2mairport_fetch::fetchers::opensky[0m[2m:[0m OpenSky fetch complete [3mairport[0m[2m=[0m"GCRR" [3mroutes[0m[2m=[0m0
[2m2026-03-22T21:56:33.208770Z[0m [32m INFO[0m [2mairport_fetch::pipeline[0m[2m:[0m Fetch completed [3mairport[0m[2m=[0m"ACE" [3msource[0m[2m=[0m"opensky" [3mrecords[0m[2m=[0m0
[2m2026-03-22T21:56:33.337116Z[0m [32m INFO[0m [2mairport_fetch::pipeline[0m[2m:[0m Starting fetch [3mairport[0m[2m=[0m"ACE" [3msource[0m[2m=[0m"routes"
[2m2026-03-22T21:56:33.422429Z[0m [32m INFO[0m [2mairport_fetch::fetchers::opdi[0m[2m:[0m Fetching OPDI parquet via Python helper [3murl[0m[2m=[0mhttps://www.eurocontrol.int/performance/data/download/OPDI/v002/flight_list/flight_list_202201.parquet [3mairport[0m[2m=[0m"GCRR"
[2m2026-03-22T21:56:35.300344Z[0m [32m INFO[0m [2mairport_fetch::fetchers::opdi[0m[2m:[0m Fetching OPDI parquet via Python helper [3murl[0m[2m=[0mhttps://www.eurocontrol.int/performance/data/download/OPDI/v002/flight_list/flight_list_202202.parquet [3mairport[0m[2m=[0m"GCRR"
[2m2026-03-22T21:56:36.333453Z[0m [32m INFO[0m [2mairport_fetch::fetchers::opdi[0m[2m:[0m Fetching OPDI parquet via Python helper [3murl[0m[2m=[0mhttps://www.eurocontrol.int/performance/data/download/OPDI/v002/flight_list/flight_list_202203.parquet [3mairport[0m[2m=[0m"GCRR"
[2m2026-03-22T21:56:37.459801Z[0m [32m INFO[0m [2mairport_fetch::fetchers::opdi[0m[2m:[0m Fetching OPDI parquet via Python helper [3murl[0m[2m=[0mhttps://www.eurocontrol.int/performance/data/download/OPDI/v002/flight_list/flight_list_202204.parquet [3mairport[0m[2m=[0m"GCRR"
[2m2026-03-22T21:56:39.014874Z[0m [32m INFO[0m [2mairport_fetch::fetchers::opdi[0m[2m:[0m Fetching OPDI parquet via Python helper [3murl[0m[2m=[0mhttps://www.eurocontrol.int/performance/data/download/OPDI/v002/flight_list/flight_list_202205.parquet [3mairport[0m[2m=[0m"GCRR"
[2m2026-03-22T21:56:41.963660Z[0m [32m INFO[0m [2mairport_fetch::fetchers::opdi[0m[2m:[0m Fetching OPDI parquet via Python helper [3murl[0m[2m=[0mhttps://www.eurocontrol.int/performance/data/download/OPDI/v002/flight_list/flight_list_202206.parquet [3mairport[0m[2m=[0m"GCRR"
[2m2026-03-22T21:56:44.504827Z[0m [32m INFO[0m [2mairport_fetch::fetchers::opdi[0m[2m:[0m Fetching OPDI parquet via Python helper [3murl[0m[2m=[0mhttps://www.eurocontrol.int/performance/data/download/OPDI/v002/flight_list/flight_list_202207.parquet [3mairport[0m[2m=[0m"GCRR"
[2m2026-03-22T21:56:45.568155Z[0m [32m INFO[0m [2mairport_fetch::fetchers::opdi[0m[2m:[0m Fetching OPDI parquet via Python helper [3murl[0m[2m=[0mhttps://www.eurocontrol.int/performance/data/download/OPDI/v002/flight_list/flight_list_202208.parquet [3mairport[0m[2m=[0m"GCRR"
[2m2026-03-22T21:56:47.289732Z[0m [32m INFO[0m [2mairport_fetch::fetchers::opdi[0m[2m:[0m Fetching OPDI parquet via Python helper [3murl[0m[2m=[0mhttps://www.eurocontrol.int/performance/data/download/OPDI/v002/flight_list/flight_list_202209.parquet [3mairport[0m[2m=[0m"GCRR"
[2m2026-03-22T21:56:50.440808Z[0m [32m INFO[0m [2mairport_fetch::fetchers::opdi[0m[2m:[0m Fetching OPDI parquet via Python helper [3murl[0m[2m=[0mhttps://www.eurocontrol.int/performance/data/download/OPDI/v002/flight_list/flight_list_202210.parquet [3mairport[0m[2m=[0m"GCRR"
[2m2026-03-22T21:56:51.588889Z[0m [32m INFO[0m [2mairport_fetch::fetchers::opdi[0m[2m:[0m Fetching OPDI parquet via Python helper [3murl[0m[2m=[0mhttps://www.eurocontrol.int/performance/data/download/OPDI/v002/flight_list/flight_list_202211.parquet [3mairport[0m[2m=[0m"GCRR"
[2m2026-03-22T21:56:56.183707Z[0m [32m INFO[0m [2mairport_fetch::fetchers::opdi[0m[2m:[0m Fetching OPDI parquet via Python helper [3murl[0m[2m=[0mhttps://www.eurocontrol.int/performance/data/download/OPDI/v002/flight_list/flight_list_202212.parquet [3mairport[0m[2m=[0m"GCRR"
[2m2026-03-22T21:56:57.401493Z[0m [32m INFO[0m [2mairport_fetch::fetchers::opdi[0m[2m:[0m Fetching OPDI parquet via Python helper [3murl[0m[2m=[0mhttps://www.eurocontrol.int/performance/data/download/OPDI/v002/flight_list/flight_list_202301.parquet [3mairport[0m[2m=[0m"GCRR"
[2m2026-03-22T21:57:02.751188Z[0m [32m INFO[0m [2mairport_fetch::fetchers::opdi[0m[2m:[0m Fetching OPDI parquet via Python helper [3murl[0m[2m=[0mhttps://www.eurocontrol.int/performance/data/download/OPDI/v002/flight_list/flight_list_202302.parquet [3mairport[0m[2m=[0m"GCRR"
[2m2026-03-22T21:57:04.065796Z[0m [32m INFO[0m [2mairport_fetch::fetchers::opdi[0m[2m:[0m Fetching OPDI parquet via Python helper [3murl[0m[2m=[0mhttps://www.eurocontrol.int/performance/data/download/OPDI/v002/flight_list/flight_list_202303.parquet [3mairport[0m[2m=[0m"GCRR"
[2m2026-03-22T21:57:05.053985Z[0m [32m INFO[0m [2mairport_fetch::fetchers::opdi[0m[2m:[0m Fetching OPDI parquet via Python helper [3murl[0m[2m=[0mhttps://www.eurocontrol.int/performance/data/download/OPDI/v002/flight_list/flight_list_202304.parquet [3mairport[0m[2m=[0m"GCRR"
[2m2026-03-22T21:57:06.115018Z[0m [32m INFO[0m [2mairport_fetch::fetchers::opdi[0m[2m:[0m Fetching OPDI parquet via Python helper [3murl[0m[2m=[0mhttps://www.eurocontrol.int/performance/data/download/OPDI/v002/flight_list/flight_list_202305.parquet [3mairport[0m[2m=[0m"GCRR"
[2m2026-03-22T21:57:10.125949Z[0m [32m INFO[0m [2mairport_fetch::fetchers::opdi[0m[2m:[0m Fetching OPDI parquet via Python helper [3murl[0m[2m=[0mhttps://www.eurocontrol.int/performance/data/download/OPDI/v002/flight_list/flight_list_202306.parquet [3mairport[0m[2m=[0m"GCRR"
[2m2026-03-22T21:57:12.323598Z[0m [32m INFO[0m [2mairport_fetch::fetchers::opdi[0m[2m:[0m Fetching OPDI parquet via Python helper [3murl[0m[2m=[0mhttps://www.eurocontrol.int/performance/data/download/OPDI/v002/flight_list/flight_list_202307.parquet [3mairport[0m[2m=[0m"GCRR"
[2m2026-03-22T21:57:20.155737Z[0m [32m INFO[0m [2mairport_fetch::fetchers::opdi[0m[2m:[0m Fetching OPDI parquet via Python helper [3murl[0m[2m=[0mhttps://www.eurocontrol.int/performance/data/download/OPDI/v002/flight_list/flight_list_202308.parquet [3mairport[0m[2m=[0m"GCRR"
[2m2026-03-22T21:57:22.397889Z[0m [32m INFO[0m [2mairport_fetch::fetchers::opdi[0m[2m:[0m Fetching OPDI parquet via Python helper [3murl[0m[2m=[0mhttps://www.eurocontrol.int/performance/data/download/OPDI/v002/flight_list/flight_list_202309.parquet [3mairport[0m[2m=[0m"GCRR"
[2m2026-03-22T21:57:24.051570Z[0m [32m INFO[0m [2mairport_fetch::fetchers::opdi[0m[2m:[0m Fetching OPDI parquet via Python helper [3murl[0m[2m=[0mhttps://www.eurocontrol.int/performance/data/download/OPDI/v002/flight_list/flight_list_202310.parquet [3mairport[0m[2m=[0m"GCRR"
[2m2026-03-22T21:57:24.786900Z[0m [32m INFO[0m [2mairport_fetch::fetchers::opdi[0m[2m:[0m Fetching OPDI parquet via Python helper [3murl[0m[2m=[0mhttps://www.eurocontrol.int/performance/data/download/OPDI/v002/flight_list/flight_list_202311.parquet [3mairport[0m[2m=[0m"GCRR"
[2m2026-03-22T21:57:26.026801Z[0m [32m INFO[0m [2mairport_fetch::fetchers::opdi[0m[2m:[0m Fetching OPDI parquet via Python helper [3murl[0m[2m=[0mhttps://www.eurocontrol.int/performance/data/download/OPDI/v002/flight_list/flight_list_202312.parquet [3mairport[0m[2m=[0m"GCRR"
[2m2026-03-22T21:57:27.442988Z[0m [32m INFO[0m [2mairport_fetch::fetchers::opdi[0m[2m:[0m Fetching OPDI parquet via Python helper [3murl[0m[2m=[0mhttps://www.eurocontrol.int/performance/data/download/OPDI/v002/flight_list/flight_list_202401.parquet [3mairport[0m[2m=[0m"GCRR"
[2m2026-03-22T21:57:28.354206Z[0m [32m INFO[0m [2mairport_fetch::fetchers::opdi[0m[2m:[0m Fetching OPDI parquet via Python helper [3murl[0m[2m=[0mhttps://www.eurocontrol.int/performance/data/download/OPDI/v002/flight_list/flight_list_202402.parquet [3mairport[0m[2m=[0m"GCRR"
[2m2026-03-22T21:57:30.058881Z[0m [32m INFO[0m [2mairport_fetch::fetchers::opdi[0m[2m:[0m Fetching OPDI parquet via Python helper [3murl[0m[2m=[0mhttps://www.eurocontrol.int/performance/data/download/OPDI/v002/flight_list/flight_list_202403.parquet [3mairport[0m[2m=[0m"GCRR"
[2m2026-03-22T21:57:31.567855Z[0m [32m INFO[0m [2mairport_fetch::fetchers::opdi[0m[2m:[0m Fetching OPDI parquet via Python helper [3murl[0m[2m=[0mhttps://www.eurocontrol.int/performance/data/download/OPDI/v002/flight_list/flight_list_202404.parquet [3mairport[0m[2m=[0m"GCRR"
[2m2026-03-22T21:57:33.543557Z[0m [32m INFO[0m [2mairport_fetch::fetchers::opdi[0m[2m:[0m Fetching OPDI parquet via Python helper [3murl[0m[2m=[0mhttps://www.eurocontrol.int/performance/data/download/OPDI/v002/flight_list/flight_list_202405.parquet [3mairport[0m[2m=[0m"GCRR"
[2m2026-03-22T21:57:35.260755Z[0m [32m INFO[0m [2mairport_fetch::fetchers::opdi[0m[2m:[0m Fetching OPDI parquet via Python helper [3murl[0m[2m=[0mhttps://www.eurocontrol.int/performance/data/download/OPDI/v002/flight_list/flight_list_202406.parquet [3mairport[0m[2m=[0m"GCRR"
[2m2026-03-22T21:57:36.140675Z[0m [32m INFO[0m [2mairport_fetch::fetchers::opdi[0m[2m:[0m Fetching OPDI parquet via Python helper [3murl[0m[2m=[0mhttps://www.eurocontrol.int/performance/data/download/OPDI/v002/flight_list/flight_list_202407.parquet [3mairport[0m[2m=[0m"GCRR"
[2m2026-03-22T21:57:39.022806Z[0m [32m INFO[0m [2mairport_fetch::fetchers::opdi[0m[2m:[0m Fetching OPDI parquet via Python helper [3murl[0m[2m=[0mhttps://www.eurocontrol.int/performance/data/download/OPDI/v002/flight_list/flight_list_202408.parquet [3mairport[0m[2m=[0m"GCRR"
[2m2026-03-22T21:57:43.290987Z[0m [32m INFO[0m [2mairport_fetch::fetchers::opdi[0m[2m:[0m Fetching OPDI parquet via Python helper [3murl[0m[2m=[0mhttps://www.eurocontrol.int/performance/data/download/OPDI/v002/flight_list/flight_list_202409.parquet [3mairport[0m[2m=[0m"GCRR"
[2m2026-03-22T21:57:49.204229Z[0m [32m INFO[0m [2mairport_fetch::fetchers::opdi[0m[2m:[0m Fetching OPDI parquet via Python helper [3murl[0m[2m=[0mhttps://www.eurocontrol.int/performance/data/download/OPDI/v002/flight_list/flight_list_202410.parquet [3mairport[0m[2m=[0m"GCRR"
[2m2026-03-22T21:57:50.208407Z[0m [32m INFO[0m [2mairport_fetch::fetchers::opdi[0m[2m:[0m Fetching OPDI parquet via Python helper [3murl[0m[2m=[0mhttps://www.eurocontrol.int/performance/data/download/OPDI/v002/flight_list/flight_list_202411.parquet [3mairport[0m[2m=[0m"GCRR"
[2m2026-03-22T21:57:52.196113Z[0m [32m INFO[0m [2mairport_fetch::fetchers::opdi[0m[2m:[0m Fetching OPDI parquet via Python helper [3murl[0m[2m=[0mhttps://www.eurocontrol.int/performance/data/download/OPDI/v002/flight_list/flight_list_202412.parquet [3mairport[0m[2m=[0m"GCRR"
[2m2026-03-22T21:57:53.202236Z[0m [32m INFO[0m [2mairport_fetch::fetchers::opdi[0m[2m:[0m Fetching OPDI parquet via Python helper [3murl[0m[2m=[0mhttps://www.eurocontrol.int/performance/data/download/OPDI/v002/flight_list/flight_list_202501.parquet [3mairport[0m[2m=[0m"GCRR"
[2m2026-03-22T21:57:54.969056Z[0m [32m INFO[0m [2mairport_fetch::fetchers::opdi[0m[2m:[0m Fetching OPDI parquet via Python helper [3murl[0m[2m=[0mhttps://www.eurocontrol.int/performance/data/download/OPDI/v002/flight_list/flight_list_202502.parquet [3mairport[0m[2m=[0m"GCRR"
[2m2026-03-22T21:57:57.579184Z[0m [32m INFO[0m [2mairport_fetch::fetchers::opdi[0m[2m:[0m Fetching OPDI parquet via Python helper [3murl[0m[2m=[0mhttps://www.eurocontrol.int/performance/data/download/OPDI/v002/flight_list/flight_list_202503.parquet [3mairport[0m[2m=[0m"GCRR"
[2m2026-03-22T21:57:59.168484Z[0m [32m INFO[0m [2mairport_fetch::fetchers::opdi[0m[2m:[0m Fetching OPDI parquet via Python helper [3murl[0m[2m=[0mhttps://www.eurocontrol.int/performance/data/download/OPDI/v002/flight_list/flight_list_202504.parquet [3mairport[0m[2m=[0m"GCRR"
[2m2026-03-22T21:58:00.343161Z[0m [32m INFO[0m [2mairport_fetch::fetchers::opdi[0m[2m:[0m Fetching OPDI parquet via Python helper [3murl[0m[2m=[0mhttps://www.eurocontrol.int/performance/data/download/OPDI/v002/flight_list/flight_list_202505.parquet [3mairport[0m[2m=[0m"GCRR"
[2m2026-03-22T21:58:01.447592Z[0m [32m INFO[0m [2mairport_fetch::fetchers::opdi[0m[2m:[0m Fetching OPDI parquet via Python helper [3murl[0m[2m=[0mhttps://www.eurocontrol.int/performance/data/download/OPDI/v002/flight_list/flight_list_202506.parquet [3mairport[0m[2m=[0m"GCRR"
[2m2026-03-22T21:58:16.634035Z[0m [32m INFO[0m [2mairport_fetch::fetchers::opdi[0m[2m:[0m Fetching OPDI parquet via Python helper [3murl[0m[2m=[0mhttps://www.eurocontrol.int/performance/data/download/OPDI/v002/flight_list/flight_list_202507.parquet [3mairport[0m[2m=[0m"GCRR"
[2m2026-03-22T21:58:17.807505Z[0m [32m INFO[0m [2mairport_fetch::fetchers::opdi[0m[2m:[0m Fetching OPDI parquet via Python helper [3murl[0m[2m=[0mhttps://www.eurocontrol.int/performance/data/download/OPDI/v002/flight_list/flight_list_202508.parquet [3mairport[0m[2m=[0m"GCRR"
[2m2026-03-22T21:58:19.812805Z[0m [32m INFO[0m [2mairport_fetch::fetchers::opdi[0m[2m:[0m Fetching OPDI parquet via Python helper [3murl[0m[2m=[0mhttps://www.eurocontrol.int/performance/data/download/OPDI/v002/flight_list/flight_list_202509.parquet [3mairport[0m[2m=[0m"GCRR"
[2m2026-03-22T21:58:21.621437Z[0m [32m INFO[0m [2mairport_fetch::fetchers::opdi[0m[2m:[0m Fetching OPDI parquet via Python helper [3murl[0m[2m=[0mhttps://www.eurocontrol.int/performance/data/download/OPDI/v002/flight_list/flight_list_202510.parquet [3mairport[0m[2m=[0m"GCRR"
[2m2026-03-22T21:58:23.726880Z[0m [32m INFO[0m [2mairport_fetch::fetchers::opdi[0m[2m:[0m Fetching OPDI parquet via Python helper [3murl[0m[2m=[0mhttps://www.eurocontrol.int/performance/data/download/OPDI/v002/flight_list/flight_list_202511.parquet [3mairport[0m[2m=[0m"GCRR"
[2m2026-03-22T21:58:24.546587Z[0m [32m INFO[0m [2mairport_fetch::fetchers::opdi[0m[2m:[0m Fetching OPDI parquet via Python helper [3murl[0m[2m=[0mhttps://www.eurocontrol.int/performance/data/download/OPDI/v002/flight_list/flight_list_202512.parquet [3mairport[0m[2m=[0m"GCRR"
[2m2026-03-22T21:58:27.344068Z[0m [32m INFO[0m [2mairport_fetch::fetchers::opdi[0m[2m:[0m Fetching OPDI parquet via Python helper [3murl[0m[2m=[0mhttps://www.eurocontrol.int/performance/data/download/OPDI/v002/flight_list/flight_list_202601.parquet [3mairport[0m[2m=[0m"GCRR"
[2m2026-03-22T21:58:29.469497Z[0m [32m INFO[0m [2mairport_fetch::fetchers::opdi[0m[2m:[0m Fetching OPDI parquet via Python helper [3murl[0m[2m=[0mhttps://www.eurocontrol.int/performance/data/download/OPDI/v002/flight_list/flight_list_202602.parquet [3mairport[0m[2m=[0m"GCRR"
[2m2026-03-22T21:58:29.756805Z[0m [33m WARN[0m [2mairport_fetch::fetchers::opdi[0m[2m:[0m Python stderr [3mmonth[0m[2m=[0m"2026-02" [3mstderr[0m[2m=[0mError: Function 'equal' has no kernel matching input types (int32, string)

[2m2026-03-22T21:58:29.756934Z[0m [32m INFO[0m [2mairport_fetch::fetchers::opdi[0m[2m:[0m Fetching OPDI parquet via Python helper [3murl[0m[2m=[0mhttps://www.eurocontrol.int/performance/data/download/OPDI/v002/flight_list/flight_list_202603.parquet [3mairport[0m[2m=[0m"GCRR"
[2m2026-03-22T21:58:30.626891Z[0m [33m WARN[0m [2mairport_fetch::fetchers::opdi[0m[2m:[0m Python stderr [3mmonth[0m[2m=[0m"2026-03" [3mstderr[0m[2m=[0mError: HTTP Error 404: Not Found

[2m2026-03-22T21:58:35.028016Z[0m [32m INFO[0m [2mairport_fetch::fetchers::opdi[0m[2m:[0m OPDI fetch complete [3mairport[0m[2m=[0m"GCRR" [3mroutes[0m[2m=[0m48
[2m2026-03-22T21:58:35.028191Z[0m [32m INFO[0m [2mairport_fetch::fetchers::routes[0m[2m:[0m OPDI routes fetched [3mairport[0m[2m=[0m"ACE" [3mroutes[0m[2m=[0m48
[2m2026-03-22T21:58:35.028960Z[0m [32m INFO[0m [2mairport_fetch::fetchers::routes[0m[2m:[0m Downloading Jonty airline-route-data [3mairport[0m[2m=[0m"ACE"
[2m2026-03-22T21:58:36.874919Z[0m [32m INFO[0m [2mairport_fetch::fetchers::routes[0m[2m:[0m Jonty fallback routes inserted [3mairport[0m[2m=[0m"ACE" [3mroutes[0m[2m=[0m0
[2m2026-03-22T21:58:36.875042Z[0m [32m INFO[0m [2mairport_fetch::pipeline[0m[2m:[0m Fetch completed [3mairport[0m[2m=[0m"ACE" [3msource[0m[2m=[0m"routes" [3mrecords[0m[2m=[0m48
[2m2026-03-22T21:58:36.959453Z[0m [32m INFO[0m [2mairport_fetch::pipeline[0m[2m:[0m Starting fetch [3mairport[0m[2m=[0m"ACE" [3msource[0m[2m=[0m"eurostat"
[2m2026-03-22T21:58:37.046338Z[0m [32m INFO[0m [2mairport_fetch::fetchers::eurostat[0m[2m:[0m Querying Eurostat API [3murl[0m[2m=[0mhttps://ec.europa.eu/eurostat/api/dissemination/statistics/1.0/data/avia_paoa?format=JSON&lang=en&freq=A&unit=PAS&tra_meas=PAS_CRD&schedule=TOT&tra_cov=TOTAL&rep_airp=ES_GCRR&sinceTimePeriod=2000
[2m2026-03-22T21:58:39.501515Z[0m [32m INFO[0m [2mairport_fetch::fetchers::eurostat[0m[2m:[0m Querying Eurostat API [3murl[0m[2m=[0mhttps://ec.europa.eu/eurostat/api/dissemination/statistics/1.0/data/avia_paoa?format=JSON&lang=en&freq=A&unit=PAS&tra_meas=PAS_CRD&schedule=TOT&tra_cov=INTL&rep_airp=ES_GCRR&sinceTimePeriod=2000
[2m2026-03-22T21:58:41.991624Z[0m [32m INFO[0m [2mairport_fetch::fetchers::eurostat[0m[2m:[0m Querying Eurostat API [3murl[0m[2m=[0mhttps://ec.europa.eu/eurostat/api/dissemination/statistics/1.0/data/avia_paoa?format=JSON&lang=en&freq=A&unit=PAS&tra_meas=PAS_CRD&schedule=TOT&tra_cov=NAT&rep_airp=ES_GCRR&sinceTimePeriod=2000
[2m2026-03-22T21:58:44.375535Z[0m [32m INFO[0m [2mairport_fetch::fetchers::eurostat[0m[2m:[0m Eurostat fetch complete [3mairport[0m[2m=[0m"ACE" [3mrecords[0m[2m=[0m26 [3minternational_years[0m[2m=[0m0 [3mdomestic_years[0m[2m=[0m0
[2m2026-03-22T21:58:44.375968Z[0m [32m INFO[0m [2mairport_fetch::pipeline[0m[2m:[0m Fetch completed [3mairport[0m[2m=[0m"ACE" [3msource[0m[2m=[0m"eurostat" [3mrecords[0m[2m=[0m26
[2m2026-03-22T21:58:44.458543Z[0m [32m INFO[0m [2mairport_fetch::pipeline[0m[2m:[0m Starting fetch [3mairport[0m[2m=[0m"ACE" [3msource[0m[2m=[0m"caa"
[2m2026-03-22T21:58:44.546257Z[0m [32m INFO[0m [2mairport_fetch::pipeline[0m[2m:[0m Fetch completed [3mairport[0m[2m=[0m"ACE" [3msource[0m[2m=[0m"caa" [3mrecords[0m[2m=[0m0
[2m2026-03-22T21:58:44.631596Z[0m [32m INFO[0m [2mairport_fetch::pipeline[0m[2m:[0m Starting fetch [3mairport[0m[2m=[0m"ACE" [3msource[0m[2m=[0m"aena"
[2m2026-03-22T21:58:44.874217Z[0m [33m WARN[0m [2mairport_fetch::fetchers::aena[0m[2m:[0m Could not determine year from AENA filename, skipping [3mfile[0m[2m=[0mert_dly
[2m2026-03-22T21:58:45.008525Z[0m [32m INFO[0m [2mairport_fetch::fetchers::aena[0m[2m:[0m AENA fetch complete [3mairport[0m[2m=[0m"ACE" [3mrecords[0m[2m=[0m0
[2m2026-03-22T21:58:45.008569Z[0m [32m INFO[0m [2mairport_fetch::pipeline[0m[2m:[0m Fetch completed [3mairport[0m[2m=[0m"ACE" [3msource[0m[2m=[0m"aena" [3mrecords[0m[2m=[0m0
[2m2026-03-22T21:58:45.109377Z[0m [32m INFO[0m [2mairport_fetch::pipeline[0m[2m:[0m Starting fetch [3mairport[0m[2m=[0m"ACE" [3msource[0m[2m=[0m"wikipedia"
[2m2026-03-22T21:58:45.913162Z[0m [32m INFO[0m [2mairport_fetch::fetchers::wikipedia[0m[2m:[0m Parsed infobox stat fields [3mairport[0m[2m=[0m"ACE" [3myear[0m[2m=[0m2022 [3mtotal_pax[0m[2m=[0m7350451 [3maircraft_movements[0m[2m=[0m63764
[2m2026-03-22T21:58:47.183920Z[0m [32m INFO[0m [2mairport_fetch::fetchers::wikipedia[0m[2m:[0m Wikipedia fetch complete [3mairport[0m[2m=[0m"ACE" [3mpax_years[0m[2m=[0m1 [3mrevision[0m[2m=[0m1342961428
[2m2026-03-22T21:58:47.184130Z[0m [32m INFO[0m [2mairport_fetch::pipeline[0m[2m:[0m Fetch completed [3mairport[0m[2m=[0m"ACE" [3msource[0m[2m=[0m"wikipedia" [3mrecords[0m[2m=[0m2
[2m2026-03-22T21:58:47.268689Z[0m [32m INFO[0m [2mairport_fetch::pipeline[0m[2m:[0m Starting fetch [3mairport[0m[2m=[0m"ACE" [3msource[0m[2m=[0m"reviews"
[2m2026-03-22T21:58:47.353389Z[0m [32m INFO[0m [2mairport_fetch::fetchers::reviews[0m[2m:[0m Running Skytrax reviews... [3mairport[0m[2m=[0m"ACE"
[2m2026-03-22T21:58:47.354216Z[0m [32m INFO[0m [2mairport_fetch::fetchers::skytrax[0m[2m:[0m Running Skytrax scraper [3mairport[0m[2m=[0m"ACE" [3msince[0m[2m=[0m2010-01-01
[2m2026-03-22T21:59:13.333706Z[0m [32m INFO[0m [2mairport_fetch::fetchers::skytrax[0m[2m:[0m Skytrax scraper returned data [3mairport[0m[2m=[0m"ACE" [3mreviews[0m[2m=[0m60
[2m2026-03-22T21:59:18.700381Z[0m [32m INFO[0m [2mairport_fetch::fetchers::skytrax[0m[2m:[0m Skytrax reviews upserted [3mairport[0m[2m=[0m"ACE" [3mrecords[0m[2m=[0m60
[2m2026-03-22T21:59:18.700637Z[0m [32m INFO[0m [2mairport_fetch::fetchers::reviews[0m[2m:[0m Skytrax reviews completed [3mairport[0m[2m=[0m"ACE" [3mrecords[0m[2m=[0m60
[2m2026-03-22T21:59:18.701053Z[0m [32m INFO[0m [2mairport_fetch::fetchers::reviews[0m[2m:[0m Running Google reviews... [3mairport[0m[2m=[0m"ACE"
[2m2026-03-22T21:59:18.722712Z[0m [32m INFO[0m [2mairport_fetch::fetchers::google_reviews[0m[2m:[0m Starting Google Reviews scrape [3mairport[0m[2m=[0m"ACE" [3msince[0m[2m=[0mNone
[2m2026-03-22T21:59:18.736558Z[0m [32m INFO[0m [2mairport_fetch::fetchers::google_reviews[0m[2m:[0m Scrape job submitted, polling... [3mairport[0m[2m=[0m"ACE" [3mjob_id[0m[2m=[0m98afe726-84c4-4943-89fb-816f149cd0a3
[2m2026-03-22T21:59:23.743441Z[0m [32m INFO[0m [2mairport_fetch::fetchers::google_reviews[0m[2m:[0m Still waiting for scraper... [3mairport[0m[2m=[0m"ACE" [3melapsed_secs[0m[2m=[0m5
[2m2026-03-22T21:59:33.760662Z[0m [32m INFO[0m [2mairport_fetch::fetchers::google_reviews[0m[2m:[0m Still waiting for scraper... [3mairport[0m[2m=[0m"ACE" [3melapsed_secs[0m[2m=[0m15
[2m2026-03-22T22:00:23.776364Z[0m [32m INFO[0m [2mairport_fetch::fetchers::google_reviews[0m[2m:[0m Still waiting for scraper... [3mairport[0m[2m=[0m"ACE" [3melapsed_secs[0m[2m=[0m65
[2m2026-03-22T22:00:23.786083Z[0m [32m INFO[0m [2mairport_fetch::fetchers::google_reviews[0m[2m:[0m Found place, fetching reviews... [3mairport[0m[2m=[0m"ACE" [3mplace_id[0m[2m=[0m0xc4626573f0d0459:0
[2m2026-03-22T22:00:23.878967Z[0m [32m INFO[0m [2mairport_fetch::fetchers::google_reviews[0m[2m:[0m Processing reviews page [3mairport[0m[2m=[0m"ACE" [3moffset[0m[2m=[0m0 [3mpage_size[0m[2m=[0m200 [3mtotal[0m[2m=[0m2991
[2m2026-03-22T22:00:41.660607Z[0m [32m INFO[0m [2mairport_fetch::fetchers::google_reviews[0m[2m:[0m Processing reviews page [3mairport[0m[2m=[0m"ACE" [3moffset[0m[2m=[0m200 [3mpage_size[0m[2m=[0m200 [3mtotal[0m[2m=[0m2991
[2m2026-03-22T22:00:59.131735Z[0m [32m INFO[0m [2mairport_fetch::fetchers::google_reviews[0m[2m:[0m Processing reviews page [3mairport[0m[2m=[0m"ACE" [3moffset[0m[2m=[0m400 [3mpage_size[0m[2m=[0m200 [3mtotal[0m[2m=[0m2991
[2m2026-03-22T22:01:16.606593Z[0m [32m INFO[0m [2mairport_fetch::fetchers::google_reviews[0m[2m:[0m Processing reviews page [3mairport[0m[2m=[0m"ACE" [3moffset[0m[2m=[0m600 [3mpage_size[0m[2m=[0m200 [3mtotal[0m[2m=[0m2991
[2m2026-03-22T22:01:33.903009Z[0m [32m INFO[0m [2mairport_fetch::fetchers::google_reviews[0m[2m:[0m Processing reviews page [3mairport[0m[2m=[0m"ACE" [3moffset[0m[2m=[0m800 [3mpage_size[0m[2m=[0m200 [3mtotal[0m[2m=[0m2991
[2m2026-03-22T22:01:51.319910Z[0m [32m INFO[0m [2mairport_fetch::fetchers::google_reviews[0m[2m:[0m Processing reviews page [3mairport[0m[2m=[0m"ACE" [3moffset[0m[2m=[0m1000 [3mpage_size[0m[2m=[0m200 [3mtotal[0m[2m=[0m2991
[2m2026-03-22T22:02:08.732640Z[0m [32m INFO[0m [2mairport_fetch::fetchers::google_reviews[0m[2m:[0m Processing reviews page [3mairport[0m[2m=[0m"ACE" [3moffset[0m[2m=[0m1200 [3mpage_size[0m[2m=[0m200 [3mtotal[0m[2m=[0m2991
[2m2026-03-22T22:02:26.079300Z[0m [32m INFO[0m [2mairport_fetch::fetchers::google_reviews[0m[2m:[0m Processing reviews page [3mairport[0m[2m=[0m"ACE" [3moffset[0m[2m=[0m1400 [3mpage_size[0m[2m=[0m200 [3mtotal[0m[2m=[0m2991
[2m2026-03-22T22:02:43.556948Z[0m [32m INFO[0m [2mairport_fetch::fetchers::google_reviews[0m[2m:[0m Processing reviews page [3mairport[0m[2m=[0m"ACE" [3moffset[0m[2m=[0m1600 [3mpage_size[0m[2m=[0m200 [3mtotal[0m[2m=[0m2991
[2m2026-03-22T22:03:00.929312Z[0m [32m INFO[0m [2mairport_fetch::fetchers::google_reviews[0m[2m:[0m Processing reviews page [3mairport[0m[2m=[0m"ACE" [3moffset[0m[2m=[0m1800 [3mpage_size[0m[2m=[0m200 [3mtotal[0m[2m=[0m2991
[2m2026-03-22T22:03:18.234281Z[0m [32m INFO[0m [2mairport_fetch::fetchers::google_reviews[0m[2m:[0m Processing reviews page [3mairport[0m[2m=[0m"ACE" [3moffset[0m[2m=[0m2000 [3mpage_size[0m[2m=[0m200 [3mtotal[0m[2m=[0m2991
[2m2026-03-22T22:03:35.674892Z[0m [32m INFO[0m [2mairport_fetch::fetchers::google_reviews[0m[2m:[0m Processing reviews page [3mairport[0m[2m=[0m"ACE" [3moffset[0m[2m=[0m2200 [3mpage_size[0m[2m=[0m200 [3mtotal[0m[2m=[0m2991
[2m2026-03-22T22:03:53.099602Z[0m [32m INFO[0m [2mairport_fetch::fetchers::google_reviews[0m[2m:[0m Processing reviews page [3mairport[0m[2m=[0m"ACE" [3moffset[0m[2m=[0m2400 [3mpage_size[0m[2m=[0m200 [3mtotal[0m[2m=[0m2991
[2m2026-03-22T22:04:10.507199Z[0m [32m INFO[0m [2mairport_fetch::fetchers::google_reviews[0m[2m:[0m Processing reviews page [3mairport[0m[2m=[0m"ACE" [3moffset[0m[2m=[0m2600 [3mpage_size[0m[2m=[0m200 [3mtotal[0m[2m=[0m2991
[2m2026-03-22T22:04:28.658884Z[0m [32m INFO[0m [2mairport_fetch::fetchers::google_reviews[0m[2m:[0m Processing reviews page [3mairport[0m[2m=[0m"ACE" [3moffset[0m[2m=[0m2800 [3mpage_size[0m[2m=[0m191 [3mtotal[0m[2m=[0m2991
[2m2026-03-22T22:04:45.290883Z[0m [32m INFO[0m [2mairport_fetch::fetchers::google_reviews[0m[2m:[0m Google Reviews upserted [3mairport[0m[2m=[0m"ACE" [3mrecords[0m[2m=[0m2991
[2m2026-03-22T22:04:45.296045Z[0m [32m INFO[0m [2mairport_fetch::fetchers::reviews[0m[2m:[0m Google reviews completed [3mairport[0m[2m=[0m"ACE" [3mrecords[0m[2m=[0m2991
[2m2026-03-22T22:04:45.296652Z[0m [32m INFO[0m [2mairport_fetch::pipeline[0m[2m:[0m Fetch completed [3mairport[0m[2m=[0m"ACE" [3msource[0m[2m=[0m"reviews" [3mrecords[0m[2m=[0m3051
[2m2026-03-22T22:04:45.384937Z[0m [32m INFO[0m [2mairport_fetch::pipeline[0m[2m:[0m Starting fetch [3mairport[0m[2m=[0m"ACE" [3msource[0m[2m=[0m"sentiment"
[2m2026-03-22T22:04:45.618391Z[0m [32m INFO[0m [2mairport_fetch::fetchers::sentiment[0m[2m:[0m Running sentiment pipeline [3mairport[0m[2m=[0m"ACE" [3msource[0m[2m=[0m"skytrax" [3munprocessed[0m[2m=[0m60
[2m2026-03-22T22:05:02.955398Z[0m [32m INFO[0m [2mairport_fetch::fetchers::sentiment[0m[2m:[0m Sentiment pipeline returned data [3mairport[0m[2m=[0m"ACE" [3msource[0m[2m=[0m"skytrax" [3msnapshots[0m[2m=[0m38
[2m2026-03-22T22:05:06.411969Z[0m [32m INFO[0m [2mairport_fetch::fetchers::sentiment[0m[2m:[0m Sentiment snapshots upserted [3mairport[0m[2m=[0m"ACE" [3msource[0m[2m=[0m"skytrax" [3mrecords[0m[2m=[0m38
[2m2026-03-22T22:05:06.556486Z[0m [32m INFO[0m [2mairport_fetch::fetchers::sentiment[0m[2m:[0m Running sentiment pipeline [3mairport[0m[2m=[0m"ACE" [3msource[0m[2m=[0m"google" [3munprocessed[0m[2m=[0m2991
[2m2026-03-22T22:09:16.689597Z[0m [32m INFO[0m [2mairport_fetch::fetchers::sentiment[0m[2m:[0m Sentiment pipeline returned data [3mairport[0m[2m=[0m"ACE" [3msource[0m[2m=[0m"google" [3msnapshots[0m[2m=[0m6
[2m2026-03-22T22:09:17.202300Z[0m [32m INFO[0m [2mairport_fetch::fetchers::sentiment[0m[2m:[0m Sentiment snapshots upserted [3mairport[0m[2m=[0m"ACE" [3msource[0m[2m=[0m"google" [3mrecords[0m[2m=[0m6
[2m2026-03-22T22:09:17.203212Z[0m [32m INFO[0m [2mairport_fetch::pipeline[0m[2m:[0m Fetch completed [3mairport[0m[2m=[0m"ACE" [3msource[0m[2m=[0m"sentiment" [3mrecords[0m[2m=[0m44
[2m2026-03-22T22:09:17.293080Z[0m [32m INFO[0m [2mairport_fetch::pipeline[0m[2m:[0m Starting fetch [3mairport[0m[2m=[0m"AGP" [3msource[0m[2m=[0m"eurocontrol"
[2m2026-03-22T22:09:17.469278Z[0m [32m INFO[0m [2mairport_fetch::fetchers::eurocontrol[0m[2m:[0m Downloading Eurocontrol CSV [3murl[0m[2m=[0mhttps://www.eurocontrol.int/performance/data/download/csv/airport_traffic_2024.csv
[2m2026-03-22T22:09:18.845147Z[0m [32m INFO[0m [2mairport_fetch::fetchers::eurocontrol[0m[2m:[0m Downloading Eurocontrol CSV [3murl[0m[2m=[0mhttps://www.eurocontrol.int/performance/data/download/csv/airport_traffic_2025.csv
[2m2026-03-22T22:09:20.130265Z[0m [32m INFO[0m [2mairport_fetch::fetchers::eurocontrol[0m[2m:[0m Downloading Eurocontrol CSV [3murl[0m[2m=[0mhttps://www.eurocontrol.int/performance/data/download/csv/airport_traffic_2026.csv
[2m2026-03-22T22:09:20.309555Z[0m [32m INFO[0m [2mairport_fetch::fetchers::eurocontrol[0m[2m:[0m Downloading Eurocontrol CSV [3murl[0m[2m=[0mhttps://www.eurocontrol.int/performance/data/download/csv/asma_additional_time_2024.csv
[2m2026-03-22T22:09:20.409192Z[0m [32m INFO[0m [2mairport_fetch::fetchers::eurocontrol[0m[2m:[0m Downloading Eurocontrol CSV [3murl[0m[2m=[0mhttps://www.eurocontrol.int/performance/data/download/csv/asma_additional_time_2025.csv
[2m2026-03-22T22:09:20.505567Z[0m [32m INFO[0m [2mairport_fetch::fetchers::eurocontrol[0m[2m:[0m Downloading Eurocontrol CSV [3murl[0m[2m=[0mhttps://www.eurocontrol.int/performance/data/download/csv/asma_additional_time_2026.csv
[2m2026-03-22T22:09:20.594971Z[0m [32m INFO[0m [2mairport_fetch::fetchers::eurocontrol[0m[2m:[0m Downloading Eurocontrol CSV [3murl[0m[2m=[0mhttps://www.eurocontrol.int/performance/data/download/csv/taxi_out_additional_time_2024.csv
[2m2026-03-22T22:09:20.716181Z[0m [32m INFO[0m [2mairport_fetch::fetchers::eurocontrol[0m[2m:[0m Downloading Eurocontrol CSV [3murl[0m[2m=[0mhttps://www.eurocontrol.int/performance/data/download/csv/taxi_out_additional_time_2025.csv
[2m2026-03-22T22:09:20.834199Z[0m [32m INFO[0m [2mairport_fetch::fetchers::eurocontrol[0m[2m:[0m Downloading Eurocontrol CSV [3murl[0m[2m=[0mhttps://www.eurocontrol.int/performance/data/download/csv/taxi_out_additional_time_2026.csv
[2m2026-03-22T22:09:20.953968Z[0m [32m INFO[0m [2mairport_fetch::fetchers::eurocontrol[0m[2m:[0m Reading local apt_dly bz2 [3mpath[0m[2m=[0mdata/aena/ert_dly/apt_dly_2014.csv.bz2
[2m2026-03-22T22:09:22.558687Z[0m [32m INFO[0m [2mairport_fetch::fetchers::eurocontrol[0m[2m:[0m Reading local apt_dly bz2 [3mpath[0m[2m=[0mdata/aena/ert_dly/apt_dly_2015.csv.bz2
[2m2026-03-22T22:09:24.161391Z[0m [32m INFO[0m [2mairport_fetch::fetchers::eurocontrol[0m[2m:[0m Reading local apt_dly bz2 [3mpath[0m[2m=[0mdata/aena/ert_dly/apt_dly_2016.csv.bz2
[2m2026-03-22T22:09:25.778571Z[0m [32m INFO[0m [2mairport_fetch::fetchers::eurocontrol[0m[2m:[0m Reading local apt_dly bz2 [3mpath[0m[2m=[0mdata/aena/ert_dly/apt_dly_2017.csv.bz2
[2m2026-03-22T22:09:27.401638Z[0m [32m INFO[0m [2mairport_fetch::fetchers::eurocontrol[0m[2m:[0m Reading local apt_dly bz2 [3mpath[0m[2m=[0mdata/aena/ert_dly/apt_dly_2018.csv.bz2
[2m2026-03-22T22:09:29.029547Z[0m [32m INFO[0m [2mairport_fetch::fetchers::eurocontrol[0m[2m:[0m Reading local apt_dly bz2 [3mpath[0m[2m=[0mdata/aena/ert_dly/apt_dly_2019.csv.bz2
[2m2026-03-22T22:09:30.680870Z[0m [32m INFO[0m [2mairport_fetch::fetchers::eurocontrol[0m[2m:[0m Reading local apt_dly bz2 [3mpath[0m[2m=[0mdata/aena/ert_dly/apt_dly_2020.csv.bz2
[2m2026-03-22T22:09:32.194102Z[0m [32m INFO[0m [2mairport_fetch::fetchers::eurocontrol[0m[2m:[0m Reading local apt_dly bz2 [3mpath[0m[2m=[0mdata/aena/ert_dly/apt_dly_2021.csv.bz2
[2m2026-03-22T22:09:33.821277Z[0m [32m INFO[0m [2mairport_fetch::fetchers::eurocontrol[0m[2m:[0m Reading local apt_dly bz2 [3mpath[0m[2m=[0mdata/aena/ert_dly/apt_dly_2022.csv.bz2
[2m2026-03-22T22:09:35.465885Z[0m [32m INFO[0m [2mairport_fetch::fetchers::eurocontrol[0m[2m:[0m Reading local apt_dly bz2 [3mpath[0m[2m=[0mdata/aena/ert_dly/apt_dly_2023.csv.bz2
[2m2026-03-22T22:09:37.286504Z[0m [32m INFO[0m [2mairport_fetch::fetchers::eurocontrol[0m[2m:[0m Reading local apt_dly bz2 [3mpath[0m[2m=[0mdata/aena/ert_dly/apt_dly_2024.csv.bz2
[2m2026-03-22T22:09:39.088965Z[0m [32m INFO[0m [2mairport_fetch::fetchers::eurocontrol[0m[2m:[0m Reading local apt_dly bz2 [3mpath[0m[2m=[0mdata/aena/ert_dly/apt_dly_2025.csv.bz2
[2m2026-03-22T22:09:40.963124Z[0m [32m INFO[0m [2mairport_fetch::fetchers::eurocontrol[0m[2m:[0m Reading local apt_dly bz2 [3mpath[0m[2m=[0mdata/aena/ert_dly/apt_dly_2026.csv.bz2
[2m2026-03-22T22:09:53.915954Z[0m [32m INFO[0m [2mairport_fetch::fetchers::eurocontrol[0m[2m:[0m Eurocontrol fetch complete [3mairport[0m[2m=[0m"LEMG" [3mrecords[0m[2m=[0m146
[2m2026-03-22T22:09:53.916169Z[0m [32m INFO[0m [2mairport_fetch::pipeline[0m[2m:[0m Fetch completed [3mairport[0m[2m=[0m"AGP" [3msource[0m[2m=[0m"eurocontrol" [3mrecords[0m[2m=[0m146
[2m2026-03-22T22:09:54.000687Z[0m [32m INFO[0m [2mairport_fetch::pipeline[0m[2m:[0m Starting fetch [3mairport[0m[2m=[0m"AGP" [3msource[0m[2m=[0m"metar"
[2m2026-03-22T22:09:54.087245Z[0m [32m INFO[0m [2mairport_fetch::fetchers::metar[0m[2m:[0m Fetching METAR data from IEM [3mairport[0m[2m=[0m"LEMG" [3mstart[0m[2m=[0m2024-03-22 [3mend[0m[2m=[0m2026-03-22
[2m2026-03-22T22:11:04.277607Z[0m [32m INFO[0m [2mairport_fetch::fetchers::metar[0m[2m:[0m METAR fetch complete [3mairport[0m[2m=[0m"LEMG" [3mrecords[0m[2m=[0m730
[2m2026-03-22T22:11:04.278469Z[0m [32m INFO[0m [2mairport_fetch::pipeline[0m[2m:[0m Fetch completed [3mairport[0m[2m=[0m"AGP" [3msource[0m[2m=[0m"metar" [3mrecords[0m[2m=[0m730
[2m2026-03-22T22:11:04.369231Z[0m [32m INFO[0m [2mairport_fetch::pipeline[0m[2m:[0m Starting fetch [3mairport[0m[2m=[0m"AGP" [3msource[0m[2m=[0m"opensky"
[2m2026-03-22T22:11:05.129390Z[0m [32m INFO[0m [2mairport_fetch::fetchers::opensky[0m[2m:[0m 10+ consecutive OpenSky failures, stopping early [3mairport[0m[2m=[0m"LEMG"
[2m2026-03-22T22:11:05.129545Z[0m [32m INFO[0m [2mairport_fetch::fetchers::opensky[0m[2m:[0m OpenSky fetch complete [3mairport[0m[2m=[0m"LEMG" [3mroutes[0m[2m=[0m0
[2m2026-03-22T22:11:05.129651Z[0m [32m INFO[0m [2mairport_fetch::pipeline[0m[2m:[0m Fetch completed [3mairport[0m[2m=[0m"AGP" [3msource[0m[2m=[0m"opensky" [3mrecords[0m[2m=[0m0
[2m2026-03-22T22:11:05.214090Z[0m [32m INFO[0m [2mairport_fetch::pipeline[0m[2m:[0m Starting fetch [3mairport[0m[2m=[0m"AGP" [3msource[0m[2m=[0m"routes"
[2m2026-03-22T22:11:05.303211Z[0m [32m INFO[0m [2mairport_fetch::fetchers::opdi[0m[2m:[0m Fetching OPDI parquet via Python helper [3murl[0m[2m=[0mhttps://www.eurocontrol.int/performance/data/download/OPDI/v002/flight_list/flight_list_202201.parquet [3mairport[0m[2m=[0m"LEMG"
[2m2026-03-22T22:11:07.276590Z[0m [32m INFO[0m [2mairport_fetch::fetchers::opdi[0m[2m:[0m Fetching OPDI parquet via Python helper [3murl[0m[2m=[0mhttps://www.eurocontrol.int/performance/data/download/OPDI/v002/flight_list/flight_list_202202.parquet [3mairport[0m[2m=[0m"LEMG"
[2m2026-03-22T22:11:13.190056Z[0m [32m INFO[0m [2mairport_fetch::fetchers::opdi[0m[2m:[0m Fetching OPDI parquet via Python helper [3murl[0m[2m=[0mhttps://www.eurocontrol.int/performance/data/download/OPDI/v002/flight_list/flight_list_202203.parquet [3mairport[0m[2m=[0m"LEMG"
[2m2026-03-22T22:11:14.692915Z[0m [32m INFO[0m [2mairport_fetch::fetchers::opdi[0m[2m:[0m Fetching OPDI parquet via Python helper [3murl[0m[2m=[0mhttps://www.eurocontrol.int/performance/data/download/OPDI/v002/flight_list/flight_list_202204.parquet [3mairport[0m[2m=[0m"LEMG"
[2m2026-03-22T22:11:17.538157Z[0m [32m INFO[0m [2mairport_fetch::fetchers::opdi[0m[2m:[0m Fetching OPDI parquet via Python helper [3murl[0m[2m=[0mhttps://www.eurocontrol.int/performance/data/download/OPDI/v002/flight_list/flight_list_202205.parquet [3mairport[0m[2m=[0m"LEMG"
[2m2026-03-22T22:11:19.453093Z[0m [32m INFO[0m [2mairport_fetch::fetchers::opdi[0m[2m:[0m Fetching OPDI parquet via Python helper [3murl[0m[2m=[0mhttps://www.eurocontrol.int/performance/data/download/OPDI/v002/flight_list/flight_list_202206.parquet [3mairport[0m[2m=[0m"LEMG"
[2m2026-03-22T22:11:21.571429Z[0m [32m INFO[0m [2mairport_fetch::fetchers::opdi[0m[2m:[0m Fetching OPDI parquet via Python helper [3murl[0m[2m=[0mhttps://www.eurocontrol.int/performance/data/download/OPDI/v002/flight_list/flight_list_202207.parquet [3mairport[0m[2m=[0m"LEMG"
[2m2026-03-22T22:11:22.666057Z[0m [32m INFO[0m [2mairport_fetch::fetchers::opdi[0m[2m:[0m Fetching OPDI parquet via Python helper [3murl[0m[2m=[0mhttps://www.eurocontrol.int/performance/data/download/OPDI/v002/flight_list/flight_list_202208.parquet [3mairport[0m[2m=[0m"LEMG"
[2m2026-03-22T22:11:25.593760Z[0m [32m INFO[0m [2mairport_fetch::fetchers::opdi[0m[2m:[0m Fetching OPDI parquet via Python helper [3murl[0m[2m=[0mhttps://www.eurocontrol.int/performance/data/download/OPDI/v002/flight_list/flight_list_202209.parquet [3mairport[0m[2m=[0m"LEMG"
[2m2026-03-22T22:11:27.549836Z[0m [32m INFO[0m [2mairport_fetch::fetchers::opdi[0m[2m:[0m Fetching OPDI parquet via Python helper [3murl[0m[2m=[0mhttps://www.eurocontrol.int/performance/data/download/OPDI/v002/flight_list/flight_list_202210.parquet [3mairport[0m[2m=[0m"LEMG"
[2m2026-03-22T22:11:29.353090Z[0m [32m INFO[0m [2mairport_fetch::fetchers::opdi[0m[2m:[0m Fetching OPDI parquet via Python helper [3murl[0m[2m=[0mhttps://www.eurocontrol.int/performance/data/download/OPDI/v002/flight_list/flight_list_202211.parquet [3mairport[0m[2m=[0m"LEMG"
[2m2026-03-22T22:11:30.877347Z[0m [32m INFO[0m [2mairport_fetch::fetchers::opdi[0m[2m:[0m Fetching OPDI parquet via Python helper [3murl[0m[2m=[0mhttps://www.eurocontrol.int/performance/data/download/OPDI/v002/flight_list/flight_list_202212.parquet [3mairport[0m[2m=[0m"LEMG"
[2m2026-03-22T22:11:32.082052Z[0m [32m INFO[0m [2mairport_fetch::fetchers::opdi[0m[2m:[0m Fetching OPDI parquet via Python helper [3murl[0m[2m=[0mhttps://www.eurocontrol.int/performance/data/download/OPDI/v002/flight_list/flight_list_202301.parquet [3mairport[0m[2m=[0m"LEMG"
[2m2026-03-22T22:11:32.787357Z[0m [32m INFO[0m [2mairport_fetch::fetchers::opdi[0m[2m:[0m Fetching OPDI parquet via Python helper [3murl[0m[2m=[0mhttps://www.eurocontrol.int/performance/data/download/OPDI/v002/flight_list/flight_list_202302.parquet [3mairport[0m[2m=[0m"LEMG"
[2m2026-03-22T22:11:34.177650Z[0m [32m INFO[0m [2mairport_fetch::fetchers::opdi[0m[2m:[0m Fetching OPDI parquet via Python helper [3murl[0m[2m=[0mhttps://www.eurocontrol.int/performance/data/download/OPDI/v002/flight_list/flight_list_202303.parquet [3mairport[0m[2m=[0m"LEMG"
[2m2026-03-22T22:11:35.724066Z[0m [32m INFO[0m [2mairport_fetch::fetchers::opdi[0m[2m:[0m Fetching OPDI parquet via Python helper [3murl[0m[2m=[0mhttps://www.eurocontrol.int/performance/data/download/OPDI/v002/flight_list/flight_list_202304.parquet [3mairport[0m[2m=[0m"LEMG"
[2m2026-03-22T22:11:37.200445Z[0m [32m INFO[0m [2mairport_fetch::fetchers::opdi[0m[2m:[0m Fetching OPDI parquet via Python helper [3murl[0m[2m=[0mhttps://www.eurocontrol.int/performance/data/download/OPDI/v002/flight_list/flight_list_202305.parquet [3mairport[0m[2m=[0m"LEMG"
[2m2026-03-22T22:11:38.347563Z[0m [32m INFO[0m [2mairport_fetch::fetchers::opdi[0m[2m:[0m Fetching OPDI parquet via Python helper [3murl[0m[2m=[0mhttps://www.eurocontrol.int/performance/data/download/OPDI/v002/flight_list/flight_list_202306.parquet [3mairport[0m[2m=[0m"LEMG"
[2m2026-03-22T22:11:40.272317Z[0m [32m INFO[0m [2mairport_fetch::fetchers::opdi[0m[2m:[0m Fetching OPDI parquet via Python helper [3murl[0m[2m=[0mhttps://www.eurocontrol.int/performance/data/download/OPDI/v002/flight_list/flight_list_202307.parquet [3mairport[0m[2m=[0m"LEMG"
[2m2026-03-22T22:11:43.028166Z[0m [32m INFO[0m [2mairport_fetch::fetchers::opdi[0m[2m:[0m Fetching OPDI parquet via Python helper [3murl[0m[2m=[0mhttps://www.eurocontrol.int/performance/data/download/OPDI/v002/flight_list/flight_list_202308.parquet [3mairport[0m[2m=[0m"LEMG"
[2m2026-03-22T22:11:45.766268Z[0m [32m INFO[0m [2mairport_fetch::fetchers::opdi[0m[2m:[0m Fetching OPDI parquet via Python helper [3murl[0m[2m=[0mhttps://www.eurocontrol.int/performance/data/download/OPDI/v002/flight_list/flight_list_202309.parquet [3mairport[0m[2m=[0m"LEMG"
[2m2026-03-22T22:11:48.279529Z[0m [32m INFO[0m [2mairport_fetch::fetchers::opdi[0m[2m:[0m Fetching OPDI parquet via Python helper [3murl[0m[2m=[0mhttps://www.eurocontrol.int/performance/data/download/OPDI/v002/flight_list/flight_list_202310.parquet [3mairport[0m[2m=[0m"LEMG"
[2m2026-03-22T22:11:51.926567Z[0m [32m INFO[0m [2mairport_fetch::fetchers::opdi[0m[2m:[0m Fetching OPDI parquet via Python helper [3murl[0m[2m=[0mhttps://www.eurocontrol.int/performance/data/download/OPDI/v002/flight_list/flight_list_202311.parquet [3mairport[0m[2m=[0m"LEMG"
[2m2026-03-22T22:11:54.026246Z[0m [32m INFO[0m [2mairport_fetch::fetchers::opdi[0m[2m:[0m Fetching OPDI parquet via Python helper [3murl[0m[2m=[0mhttps://www.eurocontrol.int/performance/data/download/OPDI/v002/flight_list/flight_list_202312.parquet [3mairport[0m[2m=[0m"LEMG"
[2m2026-03-22T22:12:02.111634Z[0m [32m INFO[0m [2mairport_fetch::fetchers::opdi[0m[2m:[0m Fetching OPDI parquet via Python helper [3murl[0m[2m=[0mhttps://www.eurocontrol.int/performance/data/download/OPDI/v002/flight_list/flight_list_202401.parquet [3mairport[0m[2m=[0m"LEMG"
[2m2026-03-22T22:12:03.922808Z[0m [32m INFO[0m [2mairport_fetch::fetchers::opdi[0m[2m:[0m Fetching OPDI parquet via Python helper [3murl[0m[2m=[0mhttps://www.eurocontrol.int/performance/data/download/OPDI/v002/flight_list/flight_list_202402.parquet [3mairport[0m[2m=[0m"LEMG"
[2m2026-03-22T22:12:08.467991Z[0m [32m INFO[0m [2mairport_fetch::fetchers::opdi[0m[2m:[0m Fetching OPDI parquet via Python helper [3murl[0m[2m=[0mhttps://www.eurocontrol.int/performance/data/download/OPDI/v002/flight_list/flight_list_202403.parquet [3mairport[0m[2m=[0m"LEMG"
[2m2026-03-22T22:12:09.515239Z[0m [32m INFO[0m [2mairport_fetch::fetchers::opdi[0m[2m:[0m Fetching OPDI parquet via Python helper [3murl[0m[2m=[0mhttps://www.eurocontrol.int/performance/data/download/OPDI/v002/flight_list/flight_list_202404.parquet [3mairport[0m[2m=[0m"LEMG"
[2m2026-03-22T22:12:10.503833Z[0m [32m INFO[0m [2mairport_fetch::fetchers::opdi[0m[2m:[0m Fetching OPDI parquet via Python helper [3murl[0m[2m=[0mhttps://www.eurocontrol.int/performance/data/download/OPDI/v002/flight_list/flight_list_202405.parquet [3mairport[0m[2m=[0m"LEMG"
[2m2026-03-22T22:12:12.244176Z[0m [32m INFO[0m [2mairport_fetch::fetchers::opdi[0m[2m:[0m Fetching OPDI parquet via Python helper [3murl[0m[2m=[0mhttps://www.eurocontrol.int/performance/data/download/OPDI/v002/flight_list/flight_list_202406.parquet [3mairport[0m[2m=[0m"LEMG"
[2m2026-03-22T22:12:13.633779Z[0m [32m INFO[0m [2mairport_fetch::fetchers::opdi[0m[2m:[0m Fetching OPDI parquet via Python helper [3murl[0m[2m=[0mhttps://www.eurocontrol.int/performance/data/download/OPDI/v002/flight_list/flight_list_202407.parquet [3mairport[0m[2m=[0m"LEMG"
[2m2026-03-22T22:12:15.652215Z[0m [32m INFO[0m [2mairport_fetch::fetchers::opdi[0m[2m:[0m Fetching OPDI parquet via Python helper [3murl[0m[2m=[0mhttps://www.eurocontrol.int/performance/data/download/OPDI/v002/flight_list/flight_list_202408.parquet [3mairport[0m[2m=[0m"LEMG"
[2m2026-03-22T22:12:16.831171Z[0m [32m INFO[0m [2mairport_fetch::fetchers::opdi[0m[2m:[0m Fetching OPDI parquet via Python helper [3murl[0m[2m=[0mhttps://www.eurocontrol.int/performance/data/download/OPDI/v002/flight_list/flight_list_202409.parquet [3mairport[0m[2m=[0m"LEMG"
[2m2026-03-22T22:12:18.622844Z[0m [32m INFO[0m [2mairport_fetch::fetchers::opdi[0m[2m:[0m Fetching OPDI parquet via Python helper [3murl[0m[2m=[0mhttps://www.eurocontrol.int/performance/data/download/OPDI/v002/flight_list/flight_list_202410.parquet [3mairport[0m[2m=[0m"LEMG"
[2m2026-03-22T22:12:20.208256Z[0m [32m INFO[0m [2mairport_fetch::fetchers::opdi[0m[2m:[0m Fetching OPDI parquet via Python helper [3murl[0m[2m=[0mhttps://www.eurocontrol.int/performance/data/download/OPDI/v002/flight_list/flight_list_202411.parquet [3mairport[0m[2m=[0m"LEMG"
[2m2026-03-22T22:12:22.149817Z[0m [32m INFO[0m [2mairport_fetch::fetchers::opdi[0m[2m:[0m Fetching OPDI parquet via Python helper [3murl[0m[2m=[0mhttps://www.eurocontrol.int/performance/data/download/OPDI/v002/flight_list/flight_list_202412.parquet [3mairport[0m[2m=[0m"LEMG"
[2m2026-03-22T22:12:27.057136Z[0m [32m INFO[0m [2mairport_fetch::fetchers::opdi[0m[2m:[0m Fetching OPDI parquet via Python helper [3murl[0m[2m=[0mhttps://www.eurocontrol.int/performance/data/download/OPDI/v002/flight_list/flight_list_202501.parquet [3mairport[0m[2m=[0m"LEMG"
[2m2026-03-22T22:12:27.920190Z[0m [32m INFO[0m [2mairport_fetch::fetchers::opdi[0m[2m:[0m Fetching OPDI parquet via Python helper [3murl[0m[2m=[0mhttps://www.eurocontrol.int/performance/data/download/OPDI/v002/flight_list/flight_list_202502.parquet [3mairport[0m[2m=[0m"LEMG"
[2m2026-03-22T22:12:31.587638Z[0m [32m INFO[0m [2mairport_fetch::fetchers::opdi[0m[2m:[0m Fetching OPDI parquet via Python helper [3murl[0m[2m=[0mhttps://www.eurocontrol.int/performance/data/download/OPDI/v002/flight_list/flight_list_202503.parquet [3mairport[0m[2m=[0m"LEMG"
[2m2026-03-22T22:12:33.419118Z[0m [32m INFO[0m [2mairport_fetch::fetchers::opdi[0m[2m:[0m Fetching OPDI parquet via Python helper [3murl[0m[2m=[0mhttps://www.eurocontrol.int/performance/data/download/OPDI/v002/flight_list/flight_list_202504.parquet [3mairport[0m[2m=[0m"LEMG"
[2m2026-03-22T22:12:36.126598Z[0m [32m INFO[0m [2mairport_fetch::fetchers::opdi[0m[2m:[0m Fetching OPDI parquet via Python helper [3murl[0m[2m=[0mhttps://www.eurocontrol.int/performance/data/download/OPDI/v002/flight_list/flight_list_202505.parquet [3mairport[0m[2m=[0m"LEMG"
[2m2026-03-22T22:12:37.716736Z[0m [32m INFO[0m [2mairport_fetch::fetchers::opdi[0m[2m:[0m Fetching OPDI parquet via Python helper [3murl[0m[2m=[0mhttps://www.eurocontrol.int/performance/data/download/OPDI/v002/flight_list/flight_list_202506.parquet [3mairport[0m[2m=[0m"LEMG"
[2m2026-03-22T22:12:39.002859Z[0m [32m INFO[0m [2mairport_fetch::fetchers::opdi[0m[2m:[0m Fetching OPDI parquet via Python helper [3murl[0m[2m=[0mhttps://www.eurocontrol.int/performance/data/download/OPDI/v002/flight_list/flight_list_202507.parquet [3mairport[0m[2m=[0m"LEMG"
[2m2026-03-22T22:12:40.298779Z[0m [32m INFO[0m [2mairport_fetch::fetchers::opdi[0m[2m:[0m Fetching OPDI parquet via Python helper [3murl[0m[2m=[0mhttps://www.eurocontrol.int/performance/data/download/OPDI/v002/flight_list/flight_list_202508.parquet [3mairport[0m[2m=[0m"LEMG"
[2m2026-03-22T22:12:46.163443Z[0m [32m INFO[0m [2mairport_fetch::fetchers::opdi[0m[2m:[0m Fetching OPDI parquet via Python helper [3murl[0m[2m=[0mhttps://www.eurocontrol.int/performance/data/download/OPDI/v002/flight_list/flight_list_202509.parquet [3mairport[0m[2m=[0m"LEMG"
[2m2026-03-22T22:12:47.334672Z[0m [32m INFO[0m [2mairport_fetch::fetchers::opdi[0m[2m:[0m Fetching OPDI parquet via Python helper [3murl[0m[2m=[0mhttps://www.eurocontrol.int/performance/data/download/OPDI/v002/flight_list/flight_list_202510.parquet [3mairport[0m[2m=[0m"LEMG"
[2m2026-03-22T22:12:48.257262Z[0m [32m INFO[0m [2mairport_fetch::fetchers::opdi[0m[2m:[0m Fetching OPDI parquet via Python helper [3murl[0m[2m=[0mhttps://www.eurocontrol.int/performance/data/download/OPDI/v002/flight_list/flight_list_202511.parquet [3mairport[0m[2m=[0m"LEMG"
[2m2026-03-22T22:12:49.649037Z[0m [32m INFO[0m [2mairport_fetch::fetchers::opdi[0m[2m:[0m Fetching OPDI parquet via Python helper [3murl[0m[2m=[0mhttps://www.eurocontrol.int/performance/data/download/OPDI/v002/flight_list/flight_list_202512.parquet [3mairport[0m[2m=[0m"LEMG"
[2m2026-03-22T22:12:54.218771Z[0m [32m INFO[0m [2mairport_fetch::fetchers::opdi[0m[2m:[0m Fetching OPDI parquet via Python helper [3murl[0m[2m=[0mhttps://www.eurocontrol.int/performance/data/download/OPDI/v002/flight_list/flight_list_202601.parquet [3mairport[0m[2m=[0m"LEMG"
[2m2026-03-22T22:12:54.897169Z[0m [32m INFO[0m [2mairport_fetch::fetchers::opdi[0m[2m:[0m Fetching OPDI parquet via Python helper [3murl[0m[2m=[0mhttps://www.eurocontrol.int/performance/data/download/OPDI/v002/flight_list/flight_list_202602.parquet [3mairport[0m[2m=[0m"LEMG"
[2m2026-03-22T22:12:55.198626Z[0m [33m WARN[0m [2mairport_fetch::fetchers::opdi[0m[2m:[0m Python stderr [3mmonth[0m[2m=[0m"2026-02" [3mstderr[0m[2m=[0mError: Function 'equal' has no kernel matching input types (int32, string)

[2m2026-03-22T22:12:55.198677Z[0m [32m INFO[0m [2mairport_fetch::fetchers::opdi[0m[2m:[0m Fetching OPDI parquet via Python helper [3murl[0m[2m=[0mhttps://www.eurocontrol.int/performance/data/download/OPDI/v002/flight_list/flight_list_202603.parquet [3mairport[0m[2m=[0m"LEMG"
[2m2026-03-22T22:12:56.220465Z[0m [33m WARN[0m [2mairport_fetch::fetchers::opdi[0m[2m:[0m Python stderr [3mmonth[0m[2m=[0m"2026-03" [3mstderr[0m[2m=[0mError: HTTP Error 404: Not Found

[2m2026-03-22T22:13:36.840388Z[0m [32m INFO[0m [2mairport_fetch::fetchers::opdi[0m[2m:[0m OPDI fetch complete [3mairport[0m[2m=[0m"LEMG" [3mroutes[0m[2m=[0m468
[2m2026-03-22T22:13:36.841832Z[0m [32m INFO[0m [2mairport_fetch::fetchers::routes[0m[2m:[0m OPDI routes fetched [3mairport[0m[2m=[0m"AGP" [3mroutes[0m[2m=[0m468
[2m2026-03-22T22:13:36.842153Z[0m [32m INFO[0m [2mairport_fetch::fetchers::routes[0m[2m:[0m Downloading Jonty airline-route-data [3mairport[0m[2m=[0m"AGP"
[2m2026-03-22T22:13:38.080521Z[0m [32m INFO[0m [2mairport_fetch::fetchers::routes[0m[2m:[0m Jonty fallback routes inserted [3mairport[0m[2m=[0m"AGP" [3mroutes[0m[2m=[0m0
[2m2026-03-22T22:13:38.080558Z[0m [32m INFO[0m [2mairport_fetch::pipeline[0m[2m:[0m Fetch completed [3mairport[0m[2m=[0m"AGP" [3msource[0m[2m=[0m"routes" [3mrecords[0m[2m=[0m468
[2m2026-03-22T22:13:38.170346Z[0m [32m INFO[0m [2mairport_fetch::pipeline[0m[2m:[0m Starting fetch [3mairport[0m[2m=[0m"AGP" [3msource[0m[2m=[0m"eurostat"
[2m2026-03-22T22:13:38.256054Z[0m [32m INFO[0m [2mairport_fetch::fetchers::eurostat[0m[2m:[0m Querying Eurostat API [3murl[0m[2m=[0mhttps://ec.europa.eu/eurostat/api/dissemination/statistics/1.0/data/avia_paoa?format=JSON&lang=en&freq=A&unit=PAS&tra_meas=PAS_CRD&schedule=TOT&tra_cov=TOTAL&rep_airp=ES_LEMG&sinceTimePeriod=2000
[2m2026-03-22T22:13:40.638966Z[0m [32m INFO[0m [2mairport_fetch::fetchers::eurostat[0m[2m:[0m Querying Eurostat API [3murl[0m[2m=[0mhttps://ec.europa.eu/eurostat/api/dissemination/statistics/1.0/data/avia_paoa?format=JSON&lang=en&freq=A&unit=PAS&tra_meas=PAS_CRD&schedule=TOT&tra_cov=INTL&rep_airp=ES_LEMG&sinceTimePeriod=2000
[2m2026-03-22T22:13:42.898411Z[0m [32m INFO[0m [2mairport_fetch::fetchers::eurostat[0m[2m:[0m Querying Eurostat API [3murl[0m[2m=[0mhttps://ec.europa.eu/eurostat/api/dissemination/statistics/1.0/data/avia_paoa?format=JSON&lang=en&freq=A&unit=PAS&tra_meas=PAS_CRD&schedule=TOT&tra_cov=NAT&rep_airp=ES_LEMG&sinceTimePeriod=2000
[2m2026-03-22T22:13:45.178006Z[0m [32m INFO[0m [2mairport_fetch::fetchers::eurostat[0m[2m:[0m Eurostat fetch complete [3mairport[0m[2m=[0m"AGP" [3mrecords[0m[2m=[0m26 [3minternational_years[0m[2m=[0m0 [3mdomestic_years[0m[2m=[0m0
[2m2026-03-22T22:13:45.178121Z[0m [32m INFO[0m [2mairport_fetch::pipeline[0m[2m:[0m Fetch completed [3mairport[0m[2m=[0m"AGP" [3msource[0m[2m=[0m"eurostat" [3mrecords[0m[2m=[0m26
[2m2026-03-22T22:13:45.264445Z[0m [32m INFO[0m [2mairport_fetch::pipeline[0m[2m:[0m Starting fetch [3mairport[0m[2m=[0m"AGP" [3msource[0m[2m=[0m"caa"
[2m2026-03-22T22:13:45.349788Z[0m [32m INFO[0m [2mairport_fetch::pipeline[0m[2m:[0m Fetch completed [3mairport[0m[2m=[0m"AGP" [3msource[0m[2m=[0m"caa" [3mrecords[0m[2m=[0m0
[2m2026-03-22T22:13:45.439905Z[0m [32m INFO[0m [2mairport_fetch::pipeline[0m[2m:[0m Starting fetch [3mairport[0m[2m=[0m"AGP" [3msource[0m[2m=[0m"aena"
[2m2026-03-22T22:13:46.112927Z[0m [33m WARN[0m [2mairport_fetch::fetchers::aena[0m[2m:[0m Could not determine year from AENA filename, skipping [3mfile[0m[2m=[0mert_dly
[2m2026-03-22T22:13:46.114733Z[0m [32m INFO[0m [2mairport_fetch::fetchers::aena[0m[2m:[0m AENA fetch complete [3mairport[0m[2m=[0m"AGP" [3mrecords[0m[2m=[0m4
[2m2026-03-22T22:13:46.114762Z[0m [32m INFO[0m [2mairport_fetch::pipeline[0m[2m:[0m Fetch completed [3mairport[0m[2m=[0m"AGP" [3msource[0m[2m=[0m"aena" [3mrecords[0m[2m=[0m4
[2m2026-03-22T22:13:46.200282Z[0m [32m INFO[0m [2mairport_fetch::pipeline[0m[2m:[0m Starting fetch [3mairport[0m[2m=[0m"AGP" [3msource[0m[2m=[0m"wikipedia"
[2m2026-03-22T22:13:47.047062Z[0m [32m INFO[0m [2mairport_fetch::fetchers::wikipedia[0m[2m:[0m Parsed infobox stat fields [3mairport[0m[2m=[0m"AGP" [3myear[0m[2m=[0m2023 [3mtotal_pax[0m[2m=[0m22444373 [3maircraft_movements[0m[2m=[0m161684
[2m2026-03-22T22:13:48.465216Z[0m [32m INFO[0m [2mairport_fetch::fetchers::wikipedia[0m[2m:[0m Wikipedia fetch complete [3mairport[0m[2m=[0m"AGP" [3mpax_years[0m[2m=[0m2 [3mrevision[0m[2m=[0m1344694478
[2m2026-03-22T22:13:48.465339Z[0m [32m INFO[0m [2mairport_fetch::pipeline[0m[2m:[0m Fetch completed [3mairport[0m[2m=[0m"AGP" [3msource[0m[2m=[0m"wikipedia" [3mrecords[0m[2m=[0m3
[2m2026-03-22T22:13:48.550659Z[0m [32m INFO[0m [2mairport_fetch::pipeline[0m[2m:[0m Starting fetch [3mairport[0m[2m=[0m"AGP" [3msource[0m[2m=[0m"reviews"
[2m2026-03-22T22:13:48.636814Z[0m [32m INFO[0m [2mairport_fetch::fetchers::reviews[0m[2m:[0m Running Skytrax reviews... [3mairport[0m[2m=[0m"AGP"
[2m2026-03-22T22:13:48.637860Z[0m [32m INFO[0m [2mairport_fetch::fetchers::skytrax[0m[2m:[0m Running Skytrax scraper [3mairport[0m[2m=[0m"AGP" [3msince[0m[2m=[0m2010-01-01
[2m2026-03-22T22:14:36.386189Z[0m [32m INFO[0m [2mairport_fetch::fetchers::skytrax[0m[2m:[0m Skytrax scraper returned data [3mairport[0m[2m=[0m"AGP" [3mreviews[0m[2m=[0m122 [3mstar_rating[0m[2m=[0m3
[2m2026-03-22T22:14:47.006401Z[0m [32m INFO[0m [2mairport_fetch::fetchers::skytrax[0m[2m:[0m Skytrax reviews upserted [3mairport[0m[2m=[0m"AGP" [3mrecords[0m[2m=[0m122
[2m2026-03-22T22:14:47.135964Z[0m [33m WARN[0m [2mairport_fetch::fetchers::skytrax[0m[2m:[0m No sentiment snapshot found to store skytrax_stars — run sentiment pipeline first [3mairport[0m[2m=[0m"AGP" [3mstars[0m[2m=[0m3
[2m2026-03-22T22:14:47.136108Z[0m [32m INFO[0m [2mairport_fetch::fetchers::reviews[0m[2m:[0m Skytrax reviews completed [3mairport[0m[2m=[0m"AGP" [3mrecords[0m[2m=[0m122
[2m2026-03-22T22:14:47.136144Z[0m [32m INFO[0m [2mairport_fetch::fetchers::reviews[0m[2m:[0m Running Google reviews... [3mairport[0m[2m=[0m"AGP"
[2m2026-03-22T22:14:47.149585Z[0m [32m INFO[0m [2mairport_fetch::fetchers::google_reviews[0m[2m:[0m Starting Google Reviews scrape [3mairport[0m[2m=[0m"AGP" [3msince[0m[2m=[0mNone
[2m2026-03-22T22:14:47.170242Z[0m [32m INFO[0m [2mairport_fetch::fetchers::google_reviews[0m[2m:[0m Scrape job submitted, polling... [3mairport[0m[2m=[0m"AGP" [3mjob_id[0m[2m=[0ma1b20a4e-5afa-4ad6-8772-86cfd3523931
[2m2026-03-22T22:14:52.171466Z[0m [32m INFO[0m [2mairport_fetch::fetchers::google_reviews[0m[2m:[0m Still waiting for scraper... [3mairport[0m[2m=[0m"AGP" [3melapsed_secs[0m[2m=[0m5
[2m2026-03-22T22:15:02.178530Z[0m [32m INFO[0m [2mairport_fetch::fetchers::google_reviews[0m[2m:[0m Still waiting for scraper... [3mairport[0m[2m=[0m"AGP" [3melapsed_secs[0m[2m=[0m15
[2m2026-03-22T22:15:52.193903Z[0m [32m INFO[0m [2mairport_fetch::fetchers::google_reviews[0m[2m:[0m Still waiting for scraper... [3mairport[0m[2m=[0m"AGP" [3melapsed_secs[0m[2m=[0m65
[2m2026-03-22T22:16:52.220032Z[0m [32m INFO[0m [2mairport_fetch::fetchers::google_reviews[0m[2m:[0m Still waiting for scraper... [3mairport[0m[2m=[0m"AGP" [3melapsed_secs[0m[2m=[0m125
[2m2026-03-22T22:17:52.248028Z[0m [32m INFO[0m [2mairport_fetch::fetchers::google_reviews[0m[2m:[0m Still waiting for scraper... [3mairport[0m[2m=[0m"AGP" [3melapsed_secs[0m[2m=[0m185
[2m2026-03-22T22:18:52.271449Z[0m [32m INFO[0m [2mairport_fetch::fetchers::google_reviews[0m[2m:[0m Still waiting for scraper... [3mairport[0m[2m=[0m"AGP" [3melapsed_secs[0m[2m=[0m245
[2m2026-03-22T22:19:52.294792Z[0m [32m INFO[0m [2mairport_fetch::fetchers::google_reviews[0m[2m:[0m Still waiting for scraper... [3mairport[0m[2m=[0m"AGP" [3melapsed_secs[0m[2m=[0m305
[2m2026-03-22T22:20:52.343502Z[0m [32m INFO[0m [2mairport_fetch::fetchers::google_reviews[0m[2m:[0m Still waiting for scraper... [3mairport[0m[2m=[0m"AGP" [3melapsed_secs[0m[2m=[0m365
[2m2026-03-22T22:21:52.370126Z[0m [32m INFO[0m [2mairport_fetch::fetchers::google_reviews[0m[2m:[0m Still waiting for scraper... [3mairport[0m[2m=[0m"AGP" [3melapsed_secs[0m[2m=[0m425
